[2025-10-08 19:38:59] Starting data update...
Datos nuevos insertados correctamente.
[2025-10-08 19:39:02] Update completed successfully.
------------------------------------------------------------
[2025-10-09 06:00:01] Starting data update...
Datos nuevos insertados correctamente.
[2025-10-09 06:00:03] Update completed successfully.
------------------------------------------------------------
[2025-10-09 17:55:43] Starting data update...
[+] Datos obtenidos de https://datos.canarias.es/api/estadisticas/indicators/v1.0/indicators/INFRACCIONES_AMBIENTALES/data.csv
[+] Datos insertados en infracciones_ambientales
[+] Datos obtenidos de https://datos.canarias.es/api/estadisticas/indicators/v1.0/indicators/TURISTAS/data.csv
Traceback (most recent call last):
  File "/home/usuario/scripts/gathering/./script.py", line 42, in <module>
    fetchData(url, target_table, cur)
  File "/home/usuario/scripts/gathering/./script.py", line 18, in fetchData
    cursor.execute(f"DELETE FROM {target_table};")
psycopg2.errors.UndefinedTable: relation "turistas_recibidos" does not exist
LINE 1: DELETE FROM turistas_recibidos;
                    ^

[2025-10-09 17:55:47] ERROR during update execution.
\e[31m------------------------------------------------------------\e[0m
[2025-10-09 17:58:47] Starting data update...
[+] Datos obtenidos de https://datos.canarias.es/api/estadisticas/indicators/v1.0/indicators/INFRACCIONES_AMBIENTALES/data.csv
[+] Datos insertados en infracciones_ambientales
[+] Datos obtenidos de https://datos.canarias.es/api/estadisticas/indicators/v1.0/indicators/TURISTAS/data.csv
Traceback (most recent call last):
  File "/home/usuario/scripts/gathering/./script.py", line 42, in <module>
    fetchData(url, target_table, cur)
  File "/home/usuario/scripts/gathering/./script.py", line 18, in fetchData
    cursor.execute(f"DELETE FROM {target_table};")
psycopg2.errors.UndefinedTable: relation "turistas_recibidos" does not exist
LINE 1: DELETE FROM turistas_recibidos;
                    ^

[2025-10-09 17:58:51] ERROR during update execution.
------------------------------------------------------------
[2025-10-09 18:14:18] Starting data update...
[+] Datos obtenidos de https://datos.canarias.es/api/estadisticas/indicators/v1.0/indicators/INFRACCIONES_AMBIENTALES/data.csv
[+] Datos insertados en infracciones_ambientales
[+] Datos obtenidos de https://datos.canarias.es/api/estadisticas/indicators/v1.0/indicators/TURISTAS/data.csv
[+] Datos insertados en turistas_recibidos
[+] Datos obtenidos de https://datos.canarias.es/api/estadisticas/indicators/v1.0/indicators/ALOJATUR_ABIERTOS/data.csv
[+] Datos insertados en alojamientos_abiertos
[+] Datos obtenidos de https://datos.canarias.es/api/estadisticas/indicators/v1.0/indicators/VIVIENDA_LIBRE_PRECIO_M2/data.csv
[+] Datos insertados en valor_m2_vivienda
[+] Datos nuevos insertados correctamente en valor_m2_vivienda.
[2025-10-09 18:14:30] Update completed successfully.
------------------------------------------------------------
[2025-10-10 06:00:01] Starting data update...
[+] Datos obtenidos de https://datos.canarias.es/api/estadisticas/indicators/v1.0/indicators/INFRACCIONES_AMBIENTALES/data.csv
[+] Datos insertados en infracciones_ambientales
[+] Datos obtenidos de https://datos.canarias.es/api/estadisticas/indicators/v1.0/indicators/TURISTAS/data.csv
[+] Datos insertados en turistas_recibidos
[+] Datos obtenidos de https://datos.canarias.es/api/estadisticas/indicators/v1.0/indicators/ALOJATUR_ABIERTOS/data.csv
[+] Datos insertados en alojamientos_abiertos
[+] Datos obtenidos de https://datos.canarias.es/api/estadisticas/indicators/v1.0/indicators/VIVIENDA_LIBRE_PRECIO_M2/data.csv
[+] Datos insertados en valor_m2_vivienda
[+] Datos nuevos insertados correctamente en valor_m2_vivienda.
[2025-10-10 06:00:14] Update completed successfully.
------------------------------------------------------------
[2025-10-11 06:00:01] Starting data update...
[+] Datos obtenidos de https://datos.canarias.es/api/estadisticas/indicators/v1.0/indicators/INFRACCIONES_AMBIENTALES/data.csv
[+] Datos insertados en infracciones_ambientales
[+] Datos obtenidos de https://datos.canarias.es/api/estadisticas/indicators/v1.0/indicators/TURISTAS/data.csv
[+] Datos insertados en turistas_recibidos
[+] Datos obtenidos de https://datos.canarias.es/api/estadisticas/indicators/v1.0/indicators/ALOJATUR_ABIERTOS/data.csv
[+] Datos insertados en alojamientos_abiertos
[+] Datos obtenidos de https://datos.canarias.es/api/estadisticas/indicators/v1.0/indicators/VIVIENDA_LIBRE_PRECIO_M2/data.csv
[+] Datos insertados en valor_m2_vivienda
[+] Datos nuevos insertados correctamente en valor_m2_vivienda.
[2025-10-11 06:00:13] Update completed successfully.
------------------------------------------------------------
[2025-10-12 06:00:01] Starting data update...
[+] Datos obtenidos de https://datos.canarias.es/api/estadisticas/indicators/v1.0/indicators/INFRACCIONES_AMBIENTALES/data.csv
[+] Datos insertados en infracciones_ambientales
[+] Datos obtenidos de https://datos.canarias.es/api/estadisticas/indicators/v1.0/indicators/TURISTAS/data.csv
[+] Datos insertados en turistas_recibidos
[+] Datos obtenidos de https://datos.canarias.es/api/estadisticas/indicators/v1.0/indicators/ALOJATUR_ABIERTOS/data.csv
[+] Datos insertados en alojamientos_abiertos
[+] Datos obtenidos de https://datos.canarias.es/api/estadisticas/indicators/v1.0/indicators/VIVIENDA_LIBRE_PRECIO_M2/data.csv
[+] Datos insertados en valor_m2_vivienda
[+] Datos nuevos insertados correctamente en valor_m2_vivienda.
[2025-10-12 06:00:13] Update completed successfully.
------------------------------------------------------------
[2025-10-12 17:36:46] Starting data update...
[+] Datos obtenidos de https://datos.canarias.es/api/estadisticas/indicators/v1.0/indicators/INFRACCIONES_AMBIENTALES/data.csv
[+] Datos insertados en infracciones_ambientales
[+] Datos obtenidos de https://datos.canarias.es/api/estadisticas/indicators/v1.0/indicators/TURISTAS/data.csv
[+] Datos insertados en turistas_recibidos
[+] Datos obtenidos de https://datos.canarias.es/api/estadisticas/indicators/v1.0/indicators/ALOJATUR_ABIERTOS/data.csv
[+] Datos insertados en alojamientos_abiertos
[+] Datos obtenidos de https://datos.canarias.es/api/estadisticas/indicators/v1.0/indicators/VIVIENDA_LIBRE_PRECIO_M2/data.csv
[+] Datos insertados en valor_m2_vivienda
[+] Datos nuevos insertados correctamente en valor_m2_vivienda.
[2025-10-12 17:36:57] Update completed successfully.
------------------------------------------------------------
[2025-10-12 18:08:07] Starting data update...
[+] Datos obtenidos de https://datos.canarias.es/api/estadisticas/indicators/v1.0/indicators/INFRACCIONES_AMBIENTALES/data.csv
[+] Datos insertados en infracciones_ambientales
[+] Datos obtenidos de https://datos.canarias.es/api/estadisticas/indicators/v1.0/indicators/TURISTAS/data.csv
[+] Datos insertados en turistas_recibidos
[+] Datos obtenidos de https://datos.canarias.es/api/estadisticas/indicators/v1.0/indicators/ALOJATUR_ABIERTOS/data.csv
[+] Datos insertados en alojamientos_abiertos
[+] Datos obtenidos de https://datos.canarias.es/api/estadisticas/indicators/v1.0/indicators/VIVIENDA_LIBRE_PRECIO_M2/data.csv
[+] Datos insertados en valor_m2_vivienda
[+] Datos nuevos insertados correctamente en valor_m2_vivienda.
[2025-10-12 18:08:18] Update completed successfully.
------------------------------------------------------------
[2025-10-13 06:00:01] Starting data update...
[+] Datos obtenidos de https://datos.canarias.es/api/estadisticas/indicators/v1.0/indicators/INFRACCIONES_AMBIENTALES/data.csv
[+] Datos insertados en infracciones_ambientales
[+] Datos obtenidos de https://datos.canarias.es/api/estadisticas/indicators/v1.0/indicators/TURISTAS/data.csv
[+] Datos insertados en turistas_recibidos
[+] Datos obtenidos de https://datos.canarias.es/api/estadisticas/indicators/v1.0/indicators/ALOJATUR_ABIERTOS/data.csv
[+] Datos insertados en alojamientos_abiertos
[+] Datos obtenidos de https://datos.canarias.es/api/estadisticas/indicators/v1.0/indicators/VIVIENDA_LIBRE_PRECIO_M2/data.csv
[+] Datos insertados en valor_m2_vivienda
[+] Datos nuevos insertados correctamente en valor_m2_vivienda.
[2025-10-13 06:00:12] Update completed successfully.
------------------------------------------------------------
[2025-10-13 18:59:53] Starting data update...
[+] Datos obtenidos de https://datos.canarias.es/api/estadisticas/indicators/v1.0/indicators/INFRACCIONES_AMBIENTALES/data.csv
[+] Datos insertados en infracciones_ambientales
[+] Datos obtenidos de https://datos.canarias.es/api/estadisticas/indicators/v1.0/indicators/TURISTAS/data.csv
[+] Datos insertados en turistas_recibidos
[+] Datos obtenidos de https://datos.canarias.es/api/estadisticas/indicators/v1.0/indicators/ALOJATUR_ABIERTOS/data.csv
[+] Datos insertados en alojamientos_abiertos
[+] Datos obtenidos de https://datos.canarias.es/api/estadisticas/indicators/v1.0/indicators/VIVIENDA_LIBRE_PRECIO_M2/data.csv
[+] Datos insertados en valor_m2_vivienda
[+] Datos nuevos insertados correctamente en valor_m2_vivienda.
[2025-10-13 19:00:03] Update completed successfully.
------------------------------------------------------------
[2025-10-13 20:05:51] Starting data update...
[+] Datos obtenidos de https://datos.canarias.es/api/estadisticas/indicators/v1.0/indicators/INFRACCIONES_AMBIENTALES/data.csv
[+] Datos insertados en infracciones_ambientales
[+] Datos obtenidos de https://datos.canarias.es/api/estadisticas/indicators/v1.0/indicators/TURISTAS/data.csv
[+] Datos insertados en turistas_recibidos
[+] Datos obtenidos de https://datos.canarias.es/api/estadisticas/indicators/v1.0/indicators/ALOJATUR_ABIERTOS/data.csv
[+] Datos insertados en alojamientos_abiertos
[+] Datos obtenidos de https://datos.canarias.es/api/estadisticas/indicators/v1.0/indicators/VIVIENDA_LIBRE_PRECIO_M2/data.csv
[+] Datos insertados en valor_m2_vivienda
[+] Datos nuevos insertados correctamente en valor_m2_vivienda.
[2025-10-13 20:06:03] Update completed successfully.
------------------------------------------------------------
[2025-10-14 06:00:01] Starting data update...
[+] Datos obtenidos de https://datos.canarias.es/api/estadisticas/indicators/v1.0/indicators/INFRACCIONES_AMBIENTALES/data.csv
[+] Datos insertados en infracciones_ambientales
[+] Datos obtenidos de https://datos.canarias.es/api/estadisticas/indicators/v1.0/indicators/TURISTAS/data.csv
[+] Datos insertados en turistas_recibidos
[+] Datos obtenidos de https://datos.canarias.es/api/estadisticas/indicators/v1.0/indicators/ALOJATUR_ABIERTOS/data.csv
[+] Datos insertados en alojamientos_abiertos
[+] Datos obtenidos de https://datos.canarias.es/api/estadisticas/indicators/v1.0/indicators/VIVIENDA_LIBRE_PRECIO_M2/data.csv
[+] Datos insertados en valor_m2_vivienda
[+] Datos nuevos insertados correctamente en valor_m2_vivienda.
[2025-10-14 06:00:12] Update completed successfully.
------------------------------------------------------------
[2025-10-18 11:07:36] Starting data update...
[+] Datos obtenidos de https://datos.canarias.es/api/estadisticas/indicators/v1.0/indicators/INFRACCIONES_AMBIENTALES/data.csv
[+] Datos insertados en infracciones_ambientales
[+] Datos obtenidos de https://datos.canarias.es/api/estadisticas/indicators/v1.0/indicators/TURISTAS/data.csv
[+] Datos insertados en turistas_recibidos
[+] Datos obtenidos de https://datos.canarias.es/api/estadisticas/indicators/v1.0/indicators/ALOJATUR_ABIERTOS/data.csv
[+] Datos insertados en alojamientos_abiertos
[+] Datos obtenidos de https://datos.canarias.es/api/estadisticas/indicators/v1.0/indicators/VIVIENDA_LIBRE_PRECIO_M2/data.csv
[+] Datos insertados en valor_m2_vivienda
[+] Datos nuevos insertados correctamente en valor_m2_vivienda.
[2025-10-18 11:07:48] Update completed successfully.
------------------------------------------------------------
[2025-10-19 06:00:01] Starting data update...
[+] Datos obtenidos de https://datos.canarias.es/api/estadisticas/indicators/v1.0/indicators/INFRACCIONES_AMBIENTALES/data.csv
[+] Datos insertados en infracciones_ambientales
[+] Datos obtenidos de https://datos.canarias.es/api/estadisticas/indicators/v1.0/indicators/TURISTAS/data.csv
[+] Datos insertados en turistas_recibidos
[+] Datos obtenidos de https://datos.canarias.es/api/estadisticas/indicators/v1.0/indicators/ALOJATUR_ABIERTOS/data.csv
[+] Datos insertados en alojamientos_abiertos
[+] Datos obtenidos de https://datos.canarias.es/api/estadisticas/indicators/v1.0/indicators/VIVIENDA_LIBRE_PRECIO_M2/data.csv
[+] Datos insertados en valor_m2_vivienda
[+] Datos nuevos insertados correctamente en valor_m2_vivienda.
[2025-10-19 06:00:13] Update completed successfully.
------------------------------------------------------------
[2025-10-20 06:00:01] Starting data update...
[+] Datos obtenidos de https://datos.canarias.es/api/estadisticas/indicators/v1.0/indicators/INFRACCIONES_AMBIENTALES/data.csv
[+] Datos insertados en infracciones_ambientales
[+] Datos obtenidos de https://datos.canarias.es/api/estadisticas/indicators/v1.0/indicators/TURISTAS/data.csv
[+] Datos insertados en turistas_recibidos
[+] Datos obtenidos de https://datos.canarias.es/api/estadisticas/indicators/v1.0/indicators/ALOJATUR_ABIERTOS/data.csv
[+] Datos insertados en alojamientos_abiertos
[+] Datos obtenidos de https://datos.canarias.es/api/estadisticas/indicators/v1.0/indicators/VIVIENDA_LIBRE_PRECIO_M2/data.csv
[+] Datos insertados en valor_m2_vivienda
[+] Datos nuevos insertados correctamente en valor_m2_vivienda.
[2025-10-20 06:00:11] Update completed successfully.
------------------------------------------------------------
[2025-10-21 06:00:01] Starting data update...
[+] Datos obtenidos de https://datos.canarias.es/api/estadisticas/indicators/v1.0/indicators/INFRACCIONES_AMBIENTALES/data.csv
[+] Datos insertados en infracciones_ambientales
[+] Datos obtenidos de https://datos.canarias.es/api/estadisticas/indicators/v1.0/indicators/TURISTAS/data.csv
[+] Datos insertados en turistas_recibidos
[+] Datos obtenidos de https://datos.canarias.es/api/estadisticas/indicators/v1.0/indicators/ALOJATUR_ABIERTOS/data.csv
[+] Datos insertados en alojamientos_abiertos
[+] Datos obtenidos de https://datos.canarias.es/api/estadisticas/indicators/v1.0/indicators/VIVIENDA_LIBRE_PRECIO_M2/data.csv
[+] Datos insertados en valor_m2_vivienda
[+] Datos nuevos insertados correctamente en valor_m2_vivienda.
[2025-10-21 06:00:12] Update completed successfully.
------------------------------------------------------------
[2025-10-22 06:00:01] Starting data update...
[+] Datos obtenidos de https://datos.canarias.es/api/estadisticas/indicators/v1.0/indicators/INFRACCIONES_AMBIENTALES/data.csv
[+] Datos insertados en infracciones_ambientales
[+] Datos obtenidos de https://datos.canarias.es/api/estadisticas/indicators/v1.0/indicators/TURISTAS/data.csv
[+] Datos insertados en turistas_recibidos
[+] Datos obtenidos de https://datos.canarias.es/api/estadisticas/indicators/v1.0/indicators/ALOJATUR_ABIERTOS/data.csv
[+] Datos insertados en alojamientos_abiertos
[+] Datos obtenidos de https://datos.canarias.es/api/estadisticas/indicators/v1.0/indicators/VIVIENDA_LIBRE_PRECIO_M2/data.csv
[+] Datos insertados en valor_m2_vivienda
[+] Datos nuevos insertados correctamente en valor_m2_vivienda.
[2025-10-22 06:00:13] Update completed successfully.
------------------------------------------------------------
[2025-10-23 06:00:01] Starting data update...
[+] Datos obtenidos de https://datos.canarias.es/api/estadisticas/indicators/v1.0/indicators/INFRACCIONES_AMBIENTALES/data.csv
[+] Datos insertados en infracciones_ambientales
[+] Datos obtenidos de https://datos.canarias.es/api/estadisticas/indicators/v1.0/indicators/TURISTAS/data.csv
[+] Datos insertados en turistas_recibidos
[+] Datos obtenidos de https://datos.canarias.es/api/estadisticas/indicators/v1.0/indicators/ALOJATUR_ABIERTOS/data.csv
[+] Datos insertados en alojamientos_abiertos
[+] Datos obtenidos de https://datos.canarias.es/api/estadisticas/indicators/v1.0/indicators/VIVIENDA_LIBRE_PRECIO_M2/data.csv
[+] Datos insertados en valor_m2_vivienda
[+] Datos nuevos insertados correctamente en valor_m2_vivienda.
[2025-10-23 06:00:16] Update completed successfully.
------------------------------------------------------------
[2025-10-24 06:00:01] Starting data update...
[+] Datos obtenidos de https://datos.canarias.es/api/estadisticas/indicators/v1.0/indicators/INFRACCIONES_AMBIENTALES/data.csv
[+] Datos insertados en infracciones_ambientales
[+] Datos obtenidos de https://datos.canarias.es/api/estadisticas/indicators/v1.0/indicators/TURISTAS/data.csv
[+] Datos insertados en turistas_recibidos
[+] Datos obtenidos de https://datos.canarias.es/api/estadisticas/indicators/v1.0/indicators/ALOJATUR_ABIERTOS/data.csv
[+] Datos insertados en alojamientos_abiertos
[+] Datos obtenidos de https://datos.canarias.es/api/estadisticas/indicators/v1.0/indicators/VIVIENDA_LIBRE_PRECIO_M2/data.csv
[+] Datos insertados en valor_m2_vivienda
[+] Datos nuevos insertados correctamente en valor_m2_vivienda.
[2025-10-24 06:00:11] Update completed successfully.
------------------------------------------------------------
[2025-10-25 06:00:01] Starting data update...
[+] Datos obtenidos de https://datos.canarias.es/api/estadisticas/indicators/v1.0/indicators/INFRACCIONES_AMBIENTALES/data.csv
[+] Datos insertados en infracciones_ambientales
[+] Datos obtenidos de https://datos.canarias.es/api/estadisticas/indicators/v1.0/indicators/TURISTAS/data.csv
[+] Datos insertados en turistas_recibidos
[+] Datos obtenidos de https://datos.canarias.es/api/estadisticas/indicators/v1.0/indicators/ALOJATUR_ABIERTOS/data.csv
[+] Datos insertados en alojamientos_abiertos
[+] Datos obtenidos de https://datos.canarias.es/api/estadisticas/indicators/v1.0/indicators/VIVIENDA_LIBRE_PRECIO_M2/data.csv
[+] Datos insertados en valor_m2_vivienda
[+] Datos nuevos insertados correctamente en valor_m2_vivienda.
[2025-10-25 06:00:12] Update completed successfully.
------------------------------------------------------------
[2025-10-26 06:00:01] Starting data update...
[+] Datos obtenidos de https://datos.canarias.es/api/estadisticas/indicators/v1.0/indicators/INFRACCIONES_AMBIENTALES/data.csv
[+] Datos insertados en infracciones_ambientales
[+] Datos obtenidos de https://datos.canarias.es/api/estadisticas/indicators/v1.0/indicators/TURISTAS/data.csv
[+] Datos insertados en turistas_recibidos
[+] Datos obtenidos de https://datos.canarias.es/api/estadisticas/indicators/v1.0/indicators/ALOJATUR_ABIERTOS/data.csv
[+] Datos insertados en alojamientos_abiertos
[+] Datos obtenidos de https://datos.canarias.es/api/estadisticas/indicators/v1.0/indicators/VIVIENDA_LIBRE_PRECIO_M2/data.csv
[+] Datos insertados en valor_m2_vivienda
[+] Datos nuevos insertados correctamente en valor_m2_vivienda.
[2025-10-26 06:00:13] Update completed successfully.
------------------------------------------------------------
[2025-10-27 06:00:01] Starting data update...
[+] Datos obtenidos de https://datos.canarias.es/api/estadisticas/indicators/v1.0/indicators/INFRACCIONES_AMBIENTALES/data.csv
[+] Datos insertados en infracciones_ambientales
[+] Datos obtenidos de https://datos.canarias.es/api/estadisticas/indicators/v1.0/indicators/TURISTAS/data.csv
[+] Datos insertados en turistas_recibidos
[+] Datos obtenidos de https://datos.canarias.es/api/estadisticas/indicators/v1.0/indicators/ALOJATUR_ABIERTOS/data.csv
[+] Datos insertados en alojamientos_abiertos
[+] Datos obtenidos de https://datos.canarias.es/api/estadisticas/indicators/v1.0/indicators/VIVIENDA_LIBRE_PRECIO_M2/data.csv
[+] Datos insertados en valor_m2_vivienda
[+] Datos nuevos insertados correctamente en valor_m2_vivienda.
[2025-10-27 06:00:12] Update completed successfully.
------------------------------------------------------------
[2025-10-28 06:00:01] Starting data update...
[+] Datos obtenidos de https://datos.canarias.es/api/estadisticas/indicators/v1.0/indicators/INFRACCIONES_AMBIENTALES/data.csv
[+] Datos insertados en infracciones_ambientales
[+] Datos obtenidos de https://datos.canarias.es/api/estadisticas/indicators/v1.0/indicators/TURISTAS/data.csv
[+] Datos insertados en turistas_recibidos
[+] Datos obtenidos de https://datos.canarias.es/api/estadisticas/indicators/v1.0/indicators/ALOJATUR_ABIERTOS/data.csv
[+] Datos insertados en alojamientos_abiertos
[+] Datos obtenidos de https://datos.canarias.es/api/estadisticas/indicators/v1.0/indicators/VIVIENDA_LIBRE_PRECIO_M2/data.csv
[+] Datos insertados en valor_m2_vivienda
[+] Datos nuevos insertados correctamente en valor_m2_vivienda.
[2025-10-28 06:00:12] Update completed successfully.
------------------------------------------------------------
[2025-10-29 06:10:33] Starting data update...
Traceback (most recent call last):
  File "/usr/lib/python3/dist-packages/urllib3/connection.py", line 203, in _new_conn
    sock = connection.create_connection(
           ^^^^^^^^^^^^^^^^^^^^^^^^^^^^^
  File "/usr/lib/python3/dist-packages/urllib3/util/connection.py", line 60, in create_connection
    for res in socket.getaddrinfo(host, port, family, socket.SOCK_STREAM):
               ^^^^^^^^^^^^^^^^^^^^^^^^^^^^^^^^^^^^^^^^^^^^^^^^^^^^^^^^^^
  File "/usr/lib/python3.12/socket.py", line 963, in getaddrinfo
    for res in _socket.getaddrinfo(host, port, family, type, proto, flags):
               ^^^^^^^^^^^^^^^^^^^^^^^^^^^^^^^^^^^^^^^^^^^^^^^^^^^^^^^^^^^
socket.gaierror: [Errno -3] Temporary failure in name resolution

The above exception was the direct cause of the following exception:

Traceback (most recent call last):
  File "/usr/lib/python3/dist-packages/urllib3/connectionpool.py", line 791, in urlopen
    response = self._make_request(
               ^^^^^^^^^^^^^^^^^^^
  File "/usr/lib/python3/dist-packages/urllib3/connectionpool.py", line 492, in _make_request
    raise new_e
  File "/usr/lib/python3/dist-packages/urllib3/connectionpool.py", line 468, in _make_request
    self._validate_conn(conn)
  File "/usr/lib/python3/dist-packages/urllib3/connectionpool.py", line 1097, in _validate_conn
    conn.connect()
  File "/usr/lib/python3/dist-packages/urllib3/connection.py", line 611, in connect
    self.sock = sock = self._new_conn()
                       ^^^^^^^^^^^^^^^^
  File "/usr/lib/python3/dist-packages/urllib3/connection.py", line 210, in _new_conn
    raise NameResolutionError(self.host, self, e) from e
urllib3.exceptions.NameResolutionError: <urllib3.connection.HTTPSConnection object at 0x736790d18200>: Failed to resolve 'datos.canarias.es' ([Errno -3] Temporary failure in name resolution)

The above exception was the direct cause of the following exception:

Traceback (most recent call last):
  File "/usr/lib/python3/dist-packages/requests/adapters.py", line 486, in send
    resp = conn.urlopen(
           ^^^^^^^^^^^^^
  File "/usr/lib/python3/dist-packages/urllib3/connectionpool.py", line 845, in urlopen
    retries = retries.increment(
              ^^^^^^^^^^^^^^^^^^
  File "/usr/lib/python3/dist-packages/urllib3/util/retry.py", line 517, in increment
    raise MaxRetryError(_pool, url, reason) from reason  # type: ignore[arg-type]
    ^^^^^^^^^^^^^^^^^^^^^^^^^^^^^^^^^^^^^^^^^^^^^^^^^^^
urllib3.exceptions.MaxRetryError: HTTPSConnectionPool(host='datos.canarias.es', port=443): Max retries exceeded with url: /api/estadisticas/indicators/v1.0/indicators/INFRACCIONES_AMBIENTALES/data.csv (Caused by NameResolutionError("<urllib3.connection.HTTPSConnection object at 0x736790d18200>: Failed to resolve 'datos.canarias.es' ([Errno -3] Temporary failure in name resolution)"))

During handling of the above exception, another exception occurred:

Traceback (most recent call last):
  File "/home/usuario/BI_infrastructure/scripts/gathering/./script.py", line 42, in <module>
    fetchData(url, target_table, cur)
  File "/home/usuario/BI_infrastructure/scripts/gathering/./script.py", line 9, in fetchData
    request = requests.get(url)
              ^^^^^^^^^^^^^^^^^
  File "/usr/lib/python3/dist-packages/requests/api.py", line 73, in get
    return request("get", url, params=params, **kwargs)
           ^^^^^^^^^^^^^^^^^^^^^^^^^^^^^^^^^^^^^^^^^^^^
  File "/usr/lib/python3/dist-packages/requests/api.py", line 59, in request
    return session.request(method=method, url=url, **kwargs)
           ^^^^^^^^^^^^^^^^^^^^^^^^^^^^^^^^^^^^^^^^^^^^^^^^^
  File "/usr/lib/python3/dist-packages/requests/sessions.py", line 589, in request
    resp = self.send(prep, **send_kwargs)
           ^^^^^^^^^^^^^^^^^^^^^^^^^^^^^^
  File "/usr/lib/python3/dist-packages/requests/sessions.py", line 703, in send
    r = adapter.send(request, **kwargs)
        ^^^^^^^^^^^^^^^^^^^^^^^^^^^^^^^
  File "/usr/lib/python3/dist-packages/requests/adapters.py", line 519, in send
    raise ConnectionError(e, request=request)
requests.exceptions.ConnectionError: HTTPSConnectionPool(host='datos.canarias.es', port=443): Max retries exceeded with url: /api/estadisticas/indicators/v1.0/indicators/INFRACCIONES_AMBIENTALES/data.csv (Caused by NameResolutionError("<urllib3.connection.HTTPSConnection object at 0x736790d18200>: Failed to resolve 'datos.canarias.es' ([Errno -3] Temporary failure in name resolution)"))
[2025-10-29 06:10:34] ERROR during update execution.
------------------------------------------------------------
[2025-10-29 18:11:07] Starting data update...
[+] Datos obtenidos de https://datos.canarias.es/api/estadisticas/indicators/v1.0/indicators/INFRACCIONES_AMBIENTALES/data.csv
[+] Datos insertados en infracciones_ambientales
[+] Datos obtenidos de https://datos.canarias.es/api/estadisticas/indicators/v1.0/indicators/TURISTAS/data.csv
[+] Datos insertados en turistas_recibidos
[+] Datos obtenidos de https://datos.canarias.es/api/estadisticas/statistical-resources/v1.0/datasets/ISTAC/C00103A_000001/~latest.csv
[+] Datos insertados en infracciones_acpmn
[+] Datos obtenidos de https://datos.canarias.es/api/estadisticas/statistical-resources/v1.0/datasets/ISTAC/C00005A_000003/~latest.csv
Traceback (most recent call last):
  File "/home/usuario/BI_infrastructure/scripts/gathering/./script.py", line 42, in <module>
    fetchData(url, target_table, cur)
  File "/home/usuario/BI_infrastructure/scripts/gathering/./script.py", line 19, in fetchData
    cursor.copy_expert(f"COPY {target_table} FROM STDIN WITH CSV HEADER", f)
psycopg2.errors.InvalidTextRepresentation: invalid input syntax for type integer: "01/2015"
CONTEXT:  COPY visitantes_espacios_naturales, line 28, column time_period: "01/2015"

[2025-10-29 18:11:15] ERROR during update execution.
------------------------------------------------------------
[2025-10-29 18:17:42] Starting data update...
[+] Datos obtenidos de https://datos.canarias.es/api/estadisticas/indicators/v1.0/indicators/INFRACCIONES_AMBIENTALES/data.csv
[+] Datos insertados en infracciones_ambientales
[+] Datos obtenidos de https://datos.canarias.es/api/estadisticas/indicators/v1.0/indicators/TURISTAS/data.csv
[+] Datos insertados en turistas_recibidos
[+] Datos obtenidos de https://datos.canarias.es/api/estadisticas/statistical-resources/v1.0/datasets/ISTAC/C00103A_000001/~latest.csv
[+] Datos insertados en infracciones_acpmn
[+] Datos obtenidos de https://datos.canarias.es/api/estadisticas/statistical-resources/v1.0/datasets/ISTAC/C00005A_000003/~latest.csv
Traceback (most recent call last):
  File "/home/usuario/BI_infrastructure/scripts/gathering/./script.py", line 42, in <module>
    fetchData(url, target_table, cur)
  File "/home/usuario/BI_infrastructure/scripts/gathering/./script.py", line 19, in fetchData
    cursor.copy_expert(f"COPY {target_table} FROM STDIN WITH CSV HEADER", f)
psycopg2.errors.InvalidTextRepresentation: invalid input syntax for type integer: "2015-M01"
CONTEXT:  COPY visitantes_espacios_naturales, line 28, column time_period_code: "2015-M01"

[2025-10-29 18:17:49] ERROR during update execution.
------------------------------------------------------------
[2025-10-29 18:19:10] Starting data update...
[+] Datos obtenidos de https://datos.canarias.es/api/estadisticas/indicators/v1.0/indicators/INFRACCIONES_AMBIENTALES/data.csv
[+] Datos insertados en infracciones_ambientales
[+] Datos obtenidos de https://datos.canarias.es/api/estadisticas/indicators/v1.0/indicators/TURISTAS/data.csv
[+] Datos insertados en turistas_recibidos
[+] Datos obtenidos de https://datos.canarias.es/api/estadisticas/statistical-resources/v1.0/datasets/ISTAC/C00103A_000001/~latest.csv
[+] Datos insertados en infracciones_acpmn
[+] Datos obtenidos de https://datos.canarias.es/api/estadisticas/statistical-resources/v1.0/datasets/ISTAC/C00005A_000003/~latest.csv
[+] Datos insertados en visitantes_espacios_naturales
[+] Datos nuevos insertados correctamente en visitantes_espacios_naturales.
[2025-10-29 18:19:16] Update completed successfully.
------------------------------------------------------------
[2025-10-29 18:57:14] Starting data update...
[+] Datos obtenidos de https://datos.canarias.es/api/estadisticas/indicators/v1.0/indicators/INFRACCIONES_AMBIENTALES/data.csv
[+] Datos insertados en infracciones_ambientales
[+] Datos obtenidos de https://datos.canarias.es/api/estadisticas/indicators/v1.0/indicators/TURISTAS/data.csv
[+] Datos insertados en turistas_recibidos
[+] Datos obtenidos de https://datos.canarias.es/api/estadisticas/statistical-resources/v1.0/datasets/ISTAC/C00103A_000001/~latest.csv
[+] Datos insertados en infracciones_acpmn
[+] Datos obtenidos de https://datos.canarias.es/api/estadisticas/statistical-resources/v1.0/datasets/ISTAC/C00005A_000003/~latest.csv
[+] Datos insertados en visitantes_espacios_naturales
[+] Datos nuevos insertados correctamente en visitantes_espacios_naturales.
[2025-10-29 18:57:21] Update completed successfully.
------------------------------------------------------------
[2025-10-29 19:22:34] Starting data update...
[+] Datos obtenidos de https://datos.canarias.es/api/estadisticas/indicators/v1.0/indicators/INFRACCIONES_AMBIENTALES/data.csv
[+] Datos insertados en infracciones_ambientales
[+] Datos obtenidos de https://datos.canarias.es/api/estadisticas/indicators/v1.0/indicators/TURISTAS/data.csv
[+] Datos insertados en turistas_recibidos
[+] Datos obtenidos de https://datos.canarias.es/api/estadisticas/statistical-resources/v1.0/datasets/ISTAC/C00103A_000001/~latest.csv
[+] Datos insertados en infracciones_acpmn
[+] Datos obtenidos de https://datos.canarias.es/api/estadisticas/statistical-resources/v1.0/datasets/ISTAC/C00005A_000003/~latest.csv
[+] Datos insertados en visitantes_espacios_naturales
[+] Datos nuevos insertados correctamente en visitantes_espacios_naturales.
[2025-10-29 19:22:42] Update completed successfully.
------------------------------------------------------------
[2025-10-30 06:00:01] Starting data update...
[+] Datos obtenidos de https://datos.canarias.es/api/estadisticas/indicators/v1.0/indicators/INFRACCIONES_AMBIENTALES/data.csv
[+] Datos insertados en infracciones_ambientales
[+] Datos obtenidos de https://datos.canarias.es/api/estadisticas/indicators/v1.0/indicators/TURISTAS/data.csv
[+] Datos insertados en turistas_recibidos
[+] Datos obtenidos de https://datos.canarias.es/api/estadisticas/statistical-resources/v1.0/datasets/ISTAC/C00103A_000001/~latest.csv
[+] Datos insertados en infracciones_acpmn
[+] Datos obtenidos de https://datos.canarias.es/api/estadisticas/statistical-resources/v1.0/datasets/ISTAC/C00005A_000003/~latest.csv
[+] Datos insertados en visitantes_espacios_naturales
[+] Datos nuevos insertados correctamente en visitantes_espacios_naturales.
[2025-10-30 06:00:10] Update completed successfully.
------------------------------------------------------------
[2025-10-31 06:00:01] Starting data update...
[+] Datos obtenidos de https://datos.canarias.es/api/estadisticas/indicators/v1.0/indicators/INFRACCIONES_AMBIENTALES/data.csv
[+] Datos insertados en infracciones_ambientales
[+] Datos obtenidos de https://datos.canarias.es/api/estadisticas/indicators/v1.0/indicators/TURISTAS/data.csv
[+] Datos insertados en turistas_recibidos
[+] Datos obtenidos de https://datos.canarias.es/api/estadisticas/statistical-resources/v1.0/datasets/ISTAC/C00103A_000001/~latest.csv
[+] Datos insertados en infracciones_acpmn
[+] Datos obtenidos de https://datos.canarias.es/api/estadisticas/statistical-resources/v1.0/datasets/ISTAC/C00005A_000003/~latest.csv
[+] Datos insertados en visitantes_espacios_naturales
[+] Datos nuevos insertados correctamente en visitantes_espacios_naturales.
[2025-10-31 06:00:10] Update completed successfully.
------------------------------------------------------------
[2025-10-31 19:58:30] Starting data update...
[+] Datos obtenidos de https://datos.canarias.es/api/estadisticas/indicators/v1.0/indicators/INFRACCIONES_AMBIENTALES/data.csv
[+] Datos insertados en infracciones_ambientales
[+] Datos obtenidos de https://datos.canarias.es/api/estadisticas/indicators/v1.0/indicators/TURISTAS/data.csv
[+] Datos insertados en turistas_recibidos
[+] Datos obtenidos de https://datos.canarias.es/api/estadisticas/statistical-resources/v1.0/datasets/ISTAC/C00103A_000001/~latest.csv
[+] Datos insertados en infracciones_acpmn
[+] Datos obtenidos de https://datos.canarias.es/api/estadisticas/statistical-resources/v1.0/datasets/ISTAC/C00005A_000003/~latest.csv
[+] Datos insertados en visitantes_espacios_naturales
[+] Datos nuevos insertados correctamente en visitantes_espacios_naturales.
[2025-10-31 19:58:38] Update completed successfully.
------------------------------------------------------------
[2025-10-31 20:06:13] Starting data update...
[+] Datos obtenidos de https://datos.canarias.es/api/estadisticas/indicators/v1.0/indicators/INFRACCIONES_AMBIENTALES/data.csv
[+] Datos insertados en infracciones_ambientales
[+] Datos obtenidos de https://datos.canarias.es/api/estadisticas/indicators/v1.0/indicators/TURISTAS/data.csv
[+] Datos insertados en turistas_recibidos
[+] Datos obtenidos de https://datos.canarias.es/api/estadisticas/statistical-resources/v1.0/datasets/ISTAC/C00103A_000001/~latest.csv
[+] Datos insertados en infracciones_acpmn
[+] Datos obtenidos de https://datos.canarias.es/api/estadisticas/statistical-resources/v1.0/datasets/ISTAC/C00005A_000003/~latest.csv
[+] Datos insertados en visitantes_espacios_naturales
[+] Datos nuevos insertados correctamente en visitantes_espacios_naturales.
[2025-10-31 20:06:21] Update completed successfully.
------------------------------------------------------------
